
root - INFO - New folio generated: ffe74742-5b9f-48ea-a4c0-a8dab6562df0
root - INFO - New folio generated: 8b2cc2f0-d6ce-46fd-873c-32b188b5edea
root - INFO - New folio generated: 7ac17dad-dc51-4704-9c72-f33bece321c0
root - INFO - New folio generated: 2721a65b-62f1-4c87-add8-c73cb9b6bb0a
root - INFO - New folio generated: 122c802c-b733-4f9e-80bd-744657c3c50d
2023-11-13 19:34:49,142 - root - INFO - New folio generated: b6b67711-7e90-4b36-b386-0b5d9cbde1a6
2023-11-14 21:16:07,174 - root - INFO - New folio generated: c9b32303-ee00-4afe-ac59-bb0548b94232
2023-11-14 21:16:09,583 - root - INFO - New folio generated: b197caab-813f-403f-9231-b1ea6853c699
2023-11-14 21:16:11,684 - root - INFO - New folio generated: 9f8b2527-a960-486d-bb9c-c7962e562388
2023-11-14 21:16:13,785 - root - INFO - New folio generated: a1166d64-0bfd-4117-b88e-7d118165fafd
2023-11-14 21:16:14,831 - root - INFO - New folio generated: f6300929-67c2-41c6-a080-d4a7e8528432
2023-11-14 21:16:15,739 - root - INFO - New folio generated: 925afdd7-ad6c-4b19-a5ce-a8c135362de0
2023-11-14 21:16:16,547 - root - INFO - New folio generated: b1a8ab34-5852-4130-ab77-ace6688384a7
2023-11-14 21:16:17,399 - root - INFO - New folio generated: c6e2887d-7040-4655-b2e4-287c639c68e0
2023-11-14 21:16:18,129 - root - INFO - New folio generated: 5dd63e21-6783-4b84-9cdd-26e34b6962f1
2023-11-14 21:16:18,874 - root - INFO - New folio generated: 9559860c-fd28-4236-8ea3-6881b5f0ec97
2023-11-14 21:16:19,634 - root - INFO - New folio generated: 75300408-f777-49eb-b20e-364354e4d57b
2023-11-14 21:16:20,373 - root - INFO - New folio generated: a256aef0-71b9-42fb-89b4-ffae6b90ebb8
2023-11-14 21:16:21,094 - root - INFO - New folio generated: e78e8bdc-746a-45bc-af5d-feb814afd84b
2023-11-14 21:16:21,931 - root - INFO - New folio generated: 6dc972b6-7f61-418d-9042-18cf7a765616
2023-11-14 21:16:22,699 - root - INFO - New folio generated: fb1a5857-14bb-47e8-8798-dd0f2be1f361
2023-11-14 21:16:23,460 - root - INFO - New folio generated: 1806b403-90bc-4938-baf2-51ea56683a4a
2023-11-14 21:16:24,514 - root - INFO - New folio generated: 2c2c928e-a979-46ff-ae8b-56dbfaa3e49c
2023-11-14 21:29:30,136 - root - INFO - New folio generated: 43bdbded-155c-484f-aa97-c63f63b4af3d
2023-11-14 21:29:31,244 - root - INFO - New folio generated: 0b02a916-0bf1-4f7d-9106-4d266ca5a4a0
2023-11-14 21:29:32,131 - root - INFO - New folio generated: 1b23a813-6ec3-4fa1-baaa-0e12c5dab500
2023-11-14 21:29:32,987 - root - INFO - New folio generated: d5e30309-e85d-4f82-8a1a-9ebfd3ca9598
2023-11-14 21:29:33,836 - root - INFO - New folio generated: 63a61016-f0c0-4cd2-896a-b78871f40173
2023-11-14 21:29:34,707 - root - INFO - New folio generated: f8e843fc-7654-45e6-8b16-9305cdeb3e56
2023-11-14 21:29:35,531 - root - INFO - New folio generated: 9dc83966-60cf-49ac-bbcf-0e9dad8a9eee
2023-11-14 21:29:36,342 - root - INFO - New folio generated: b3638f99-c80c-40b5-a1a8-a95673652ea0
2023-11-14 21:29:37,101 - root - INFO - New folio generated: 8e04c960-3c91-43d7-bd14-2f1d40a85c1e
2023-11-14 21:29:37,905 - root - INFO - New folio generated: c34aa249-48c7-45f5-b926-75fe91871c91
2023-11-14 21:29:38,626 - root - INFO - New folio generated: f5e8fcd4-7041-4b89-901c-990aee15a6e6
2023-11-14 21:29:39,376 - root - INFO - New folio generated: d9eea55a-9314-4d65-b492-150a2cf501f8
2023-11-14 21:29:40,231 - root - INFO - New folio generated: e2240255-0ffd-4ab6-acbb-0ac3bfe3698d
2023-11-14 21:29:40,957 - root - INFO - New folio generated: c7787c95-e0f8-4ede-af62-a0c96193dfd7
2023-11-14 21:29:41,981 - root - INFO - New folio generated: 4a2d5bb2-9ee8-48fd-a25d-e723b62eb5d8
2023-11-14 21:29:43,267 - root - INFO - New folio generated: 5f6a7d98-bf4b-4feb-b1c1-e34b5d323a30
2023-11-14 21:29:44,019 - root - INFO - New folio generated: 4bd611be-0ab1-4d55-a3d1-3b3a013c7bcf
2023-11-15 20:21:50,020 - root - INFO - New folio generated: 61d6826c-2b57-426b-9052-b53379327788
